<?xml version="1.0" encoding="UTF-8"?>
<!-- Generated by org.testng.reporters.JUnitXMLReporter -->
<testsuite ignored="0" hostname="DESKTOP-RBIQSKD" failures="0" tests="8" name="Test" time="69.895" errors="0" timestamp="2025-11-29T21:03:49 IST">
  <testcase classname="testCases.TC001_AccountRegistrationTest" name="verify_account_registration" time="6.399"/>
  <testcase classname="testCases.TC002_LoginTest" name="verify_login" time="2.255"/>
  <testcase classname="testCases.TC003_LoginDDT" name="verify_loginDDT" time="2.71"/>
  <testcase classname="testCases.TC003_LoginDDT" name="verify_loginDDT" time="11.869"/>
  <testcase classname="testCases.TC003_LoginDDT" name="verify_loginDDT" time="12.101"/>
  <testcase classname="testCases.TC003_LoginDDT" name="verify_loginDDT" time="11.946"/>
  <testcase classname="testCases.TC003_LoginDDT" name="verify_loginDDT" time="11.77"/>
  <testcase classname="testCases.TC003_LoginDDT" name="verify_loginDDT" time="2.704"/>
</testsuite> <!-- Test -->
