<?xml version="1.0" encoding="UTF-8"?>
<!-- Generated by org.testng.reporters.JUnitXMLReporter -->
<testsuite ignored="0" hostname="DESKTOP-RBIQSKD" failures="0" tests="3" name="Test" time="57.166" errors="0" timestamp="2025-12-01T00:11:59 IST">
  <testcase classname="testCases.TC004_SearchProductTest" name="verify_pruductSearch" time="4.366"/>
  <testcase classname="testCases.TC005_AddToCartPageTest" name="verify_addToCart" time="3.527"/>
  <testcase classname="testCases.TC006_EndToEndTest" name="endToendTest" time="42.792"/>
</testsuite> <!-- Test -->
