<?xml version="1.0" encoding="UTF-8"?>
<!-- Generated by org.testng.reporters.JUnitXMLReporter -->
<testsuite ignored="0" hostname="DESKTOP-RBIQSKD" failures="0" tests="8" name="Test" time="136.717" errors="0" timestamp="2025-11-29T03:47:37 IST">
  <testcase classname="testCases.TC001_AccountRegistrationTest" name="verify_account_registration" time="13.581"/>
  <testcase classname="testCases.TC002_LoginTest" name="verify_login" time="4.79"/>
  <testcase classname="testCases.TC003_LoginDDT" name="verify_loginDDT" time="5.523"/>
  <testcase classname="testCases.TC003_LoginDDT" name="verify_loginDDT" time="12.942"/>
  <testcase classname="testCases.TC003_LoginDDT" name="verify_loginDDT" time="12.864"/>
  <testcase classname="testCases.TC003_LoginDDT" name="verify_loginDDT" time="12.719"/>
  <testcase classname="testCases.TC003_LoginDDT" name="verify_loginDDT" time="12.616"/>
  <testcase classname="testCases.TC003_LoginDDT" name="verify_loginDDT" time="4.671"/>
</testsuite> <!-- Test -->
