<?xml version="1.0" encoding="UTF-8"?>
<testsuite xmlns:xsi="http://www.w3.org/2001/XMLSchema-instance" xsi:noNamespaceSchemaLocation="https://maven.apache.org/surefire/maven-surefire-plugin/xsd/surefire-test-report.xsd" version="3.0.2" name="TestSuite" time="72.242" tests="8" errors="0" skipped="0" failures="0">
  <properties>
[...]
</properties>
  <testcase name="verify_account_registration" classname="testCases.TC001_AccountRegistrationTest" time="6.412"/>
  <testcase name="verify_login" classname="testCases.TC002_LoginTest" time="2.252"/>
  <testcase name="verify_loginDDT[nikhilbhalekari07@gmail.com, Plmqaz, Valid](1)" classname="testCases.TC003_LoginDDT" time="2.707">
    <system-err><![CDATA[Nov 29, 2025 9:02:51 PM org.openqa.selenium.remote.http.WebSocket$Listener onError
WARNING: Connection reset
java.net.SocketException: Connection reset
	at java.base/sun.nio.ch.SocketChannelImpl.throwConnectionReset(SocketChannelImpl.java:401)
	at java.base/sun.nio.ch.SocketChannelImpl.read(SocketChannelImpl.java:434)
	at java.net.http/jdk.internal.net.http.SocketTube.readAvailable(SocketTube.java:1178)
	at java.net.http/jdk.internal.net.http.SocketTube$InternalReadPublisher$InternalReadSubscription.read(SocketTube.java:841)
	at java.net.http/jdk.internal.net.http.SocketTube$SocketFlowTask.run(SocketTube.java:181)
	at java.net.http/jdk.internal.net.http.common.SequentialScheduler$SchedulableTask.run(SequentialScheduler.java:207)
	at java.net.http/jdk.internal.net.http.common.SequentialScheduler.runOrSchedule(SequentialScheduler.java:280)
	at java.net.http/jdk.internal.net.http.common.SequentialScheduler.runOrSchedule(SequentialScheduler.java:233)
	at java.net.http/jdk.internal.net.http.SocketTube$InternalReadPublisher$InternalReadSubscription.signalReadable(SocketTube.java:782)
	at java.net.http/jdk.internal.net.http.SocketTube$InternalReadPublisher$ReadEvent.signalEvent(SocketTube.java:965)
	at java.net.http/jdk.internal.net.http.SocketTube$SocketFlowEvent.handle(SocketTube.java:253)
	at java.net.http/jdk.internal.net.http.HttpClientImpl$SelectorManager.handleEvent(HttpClientImpl.java:1477)
	at java.net.http/jdk.internal.net.http.HttpClientImpl$SelectorManager.lambda$run$3(HttpClientImpl.java:1422)
	at java.base/java.util.ArrayList.forEach(ArrayList.java:1596)
	at java.net.http/jdk.internal.net.http.HttpClientImpl$SelectorManager.run(HttpClientImpl.java:1422)

]]></system-err>
  </testcase>
  <testcase name="verify_loginDDT[Seenu@gmail.com, Seenu, Invalid](2)" classname="testCases.TC003_LoginDDT" time="11.865"/>
  <testcase name="verify_loginDDT[venkat@gmail.com, Venkat123, Invalid](3)" classname="testCases.TC003_LoginDDT" time="12.096"/>
  <testcase name="verify_loginDDT[balaji@gmail.com, Balaji123, Invalid](4)" classname="testCases.TC003_LoginDDT" time="11.946"/>
  <testcase name="verify_loginDDT[yogesh@gmail.com, Yogesh123, Invalid](5)" classname="testCases.TC003_LoginDDT" time="11.77"/>
  <testcase name="verify_loginDDT[bhagvant@gmail.com, Plmqaz, Valid](6)" classname="testCases.TC003_LoginDDT" time="2.704"/>
</testsuite>