<?xml version="1.0" encoding="UTF-8"?>
<testng-results ignored="0" total="8" passed="8" failed="0" skipped="0">
  <reporter-output>
  </reporter-output>
  <suite started-at="2025-11-29T21:02:38 IST" name="Master Suite" finished-at="2025-11-29T21:03:48 IST" duration-ms="69895">
    <groups>
      <group name="Master">
        <method signature="TC001_AccountRegistrationTest.verify_account_registration()[pri:0, instance:testCases.TC001_AccountRegistrationTest@13cf7d52]" name="verify_account_registration" class="testCases.TC001_AccountRegistrationTest"/>
        <method signature="TC002_LoginTest.verify_login()[pri:0, instance:testCases.TC002_LoginTest@78fbff54]" name="verify_login" class="testCases.TC002_LoginTest"/>
      </group> <!-- Master -->
      <group name="Sanity">
        <method signature="TC002_LoginTest.verify_login()[pri:0, instance:testCases.TC002_LoginTest@78fbff54]" name="verify_login" class="testCases.TC002_LoginTest"/>
      </group> <!-- Sanity -->
      <group name="DataDriven">
        <method signature="TC003_LoginDDT.verify_loginDDT(java.lang.String,java.lang.String,java.lang.String)[pri:0, instance:testCases.TC003_LoginDDT@3e10dc6]" name="verify_loginDDT" class="testCases.TC003_LoginDDT"/>
      </group> <!-- DataDriven -->
      <group name="Regression">
        <method signature="TC001_AccountRegistrationTest.verify_account_registration()[pri:0, instance:testCases.TC001_AccountRegistrationTest@13cf7d52]" name="verify_account_registration" class="testCases.TC001_AccountRegistrationTest"/>
      </group> <!-- Regression -->
    </groups>
    <test started-at="2025-11-29T21:02:38 IST" name="Test" finished-at="2025-11-29T21:03:48 IST" duration-ms="69895">
      <class name="testCases.TC002_LoginTest">
        <test-method is-config="true" signature="setup(java.lang.String,java.lang.String)[pri:0, instance:testCases.TC002_LoginTest@78fbff54]" started-at="2025-11-29T21:02:47 IST" name="setup" finished-at="2025-11-29T21:02:49 IST" duration-ms="1788" status="PASS">
          <params>
            <param index="0">
              <value>
                <![CDATA[windows]]>
              </value>
            </param>
            <param index="1">
              <value>
                <![CDATA[chrome]]>
              </value>
            </param>
          </params>
          <reporter-output>
          </reporter-output>
        </test-method> <!-- setup -->
        <test-method signature="verify_login()[pri:0, instance:testCases.TC002_LoginTest@78fbff54]" started-at="2025-11-29T21:02:49 IST" name="verify_login" finished-at="2025-11-29T21:02:51 IST" duration-ms="2255" status="PASS">
          <reporter-output>
          </reporter-output>
        </test-method> <!-- verify_login -->
        <test-method is-config="true" signature="tearDown()[pri:0, instance:testCases.TC002_LoginTest@78fbff54]" started-at="2025-11-29T21:02:51 IST" name="tearDown" finished-at="2025-11-29T21:02:51 IST" duration-ms="73" status="PASS">
          <reporter-output>
          </reporter-output>
        </test-method> <!-- tearDown -->
      </class> <!-- testCases.TC002_LoginTest -->
      <class name="testCases.TC003_LoginDDT">
        <test-method is-config="true" signature="setup(java.lang.String,java.lang.String)[pri:0, instance:testCases.TC003_LoginDDT@3e10dc6]" started-at="2025-11-29T21:02:51 IST" name="setup" finished-at="2025-11-29T21:02:53 IST" duration-ms="1824" status="PASS">
          <params>
            <param index="0">
              <value>
                <![CDATA[windows]]>
              </value>
            </param>
            <param index="1">
              <value>
                <![CDATA[chrome]]>
              </value>
            </param>
          </params>
          <reporter-output>
          </reporter-output>
        </test-method> <!-- setup -->
        <test-method signature="verify_loginDDT(java.lang.String,java.lang.String,java.lang.String)[pri:0, instance:testCases.TC003_LoginDDT@3e10dc6]" started-at="2025-11-29T21:02:55 IST" name="verify_loginDDT" data-provider="LoginData" finished-at="2025-11-29T21:02:57 IST" duration-ms="2710" status="PASS">
          <params>
            <param index="0">
              <value>
                <![CDATA[nikhilbhalekari07@gmail.com]]>
              </value>
            </param>
            <param index="1">
              <value>
                <![CDATA[Plmqaz]]>
              </value>
            </param>
            <param index="2">
              <value>
                <![CDATA[Valid]]>
              </value>
            </param>
          </params>
          <reporter-output>
          </reporter-output>
        </test-method> <!-- verify_loginDDT -->
        <test-method signature="verify_loginDDT(java.lang.String,java.lang.String,java.lang.String)[pri:0, instance:testCases.TC003_LoginDDT@3e10dc6]" started-at="2025-11-29T21:02:57 IST" name="verify_loginDDT" data-provider="LoginData" finished-at="2025-11-29T21:03:09 IST" duration-ms="11869" status="PASS">
          <params>
            <param index="0">
              <value>
                <![CDATA[Seenu@gmail.com]]>
              </value>
            </param>
            <param index="1">
              <value>
                <![CDATA[Seenu]]>
              </value>
            </param>
            <param index="2">
              <value>
                <![CDATA[Invalid]]>
              </value>
            </param>
          </params>
          <reporter-output>
          </reporter-output>
        </test-method> <!-- verify_loginDDT -->
        <test-method signature="verify_loginDDT(java.lang.String,java.lang.String,java.lang.String)[pri:0, instance:testCases.TC003_LoginDDT@3e10dc6]" started-at="2025-11-29T21:03:09 IST" name="verify_loginDDT" data-provider="LoginData" finished-at="2025-11-29T21:03:21 IST" duration-ms="12101" status="PASS">
          <params>
            <param index="0">
              <value>
                <![CDATA[venkat@gmail.com]]>
              </value>
            </param>
            <param index="1">
              <value>
                <![CDATA[Venkat123]]>
              </value>
            </param>
            <param index="2">
              <value>
                <![CDATA[Invalid]]>
              </value>
            </param>
          </params>
          <reporter-output>
          </reporter-output>
        </test-method> <!-- verify_loginDDT -->
        <test-method signature="verify_loginDDT(java.lang.String,java.lang.String,java.lang.String)[pri:0, instance:testCases.TC003_LoginDDT@3e10dc6]" started-at="2025-11-29T21:03:21 IST" name="verify_loginDDT" data-provider="LoginData" finished-at="2025-11-29T21:03:33 IST" duration-ms="11946" status="PASS">
          <params>
            <param index="0">
              <value>
                <![CDATA[balaji@gmail.com]]>
              </value>
            </param>
            <param index="1">
              <value>
                <![CDATA[Balaji123]]>
              </value>
            </param>
            <param index="2">
              <value>
                <![CDATA[Invalid]]>
              </value>
            </param>
          </params>
          <reporter-output>
          </reporter-output>
        </test-method> <!-- verify_loginDDT -->
        <test-method signature="verify_loginDDT(java.lang.String,java.lang.String,java.lang.String)[pri:0, instance:testCases.TC003_LoginDDT@3e10dc6]" started-at="2025-11-29T21:03:33 IST" name="verify_loginDDT" data-provider="LoginData" finished-at="2025-11-29T21:03:45 IST" duration-ms="11770" status="PASS">
          <params>
            <param index="0">
              <value>
                <![CDATA[yogesh@gmail.com]]>
              </value>
            </param>
            <param index="1">
              <value>
                <![CDATA[Yogesh123]]>
              </value>
            </param>
            <param index="2">
              <value>
                <![CDATA[Invalid]]>
              </value>
            </param>
          </params>
          <reporter-output>
          </reporter-output>
        </test-method> <!-- verify_loginDDT -->
        <test-method signature="verify_loginDDT(java.lang.String,java.lang.String,java.lang.String)[pri:0, instance:testCases.TC003_LoginDDT@3e10dc6]" started-at="2025-11-29T21:03:45 IST" name="verify_loginDDT" data-provider="LoginData" finished-at="2025-11-29T21:03:48 IST" duration-ms="2704" status="PASS">
          <params>
            <param index="0">
              <value>
                <![CDATA[bhagvant@gmail.com]]>
              </value>
            </param>
            <param index="1">
              <value>
                <![CDATA[Plmqaz]]>
              </value>
            </param>
            <param index="2">
              <value>
                <![CDATA[Valid]]>
              </value>
            </param>
          </params>
          <reporter-output>
          </reporter-output>
        </test-method> <!-- verify_loginDDT -->
        <test-method is-config="true" signature="tearDown()[pri:0, instance:testCases.TC003_LoginDDT@3e10dc6]" started-at="2025-11-29T21:03:48 IST" name="tearDown" finished-at="2025-11-29T21:03:48 IST" duration-ms="102" status="PASS">
          <reporter-output>
          </reporter-output>
        </test-method> <!-- tearDown -->
      </class> <!-- testCases.TC003_LoginDDT -->
      <class name="testCases.TC001_AccountRegistrationTest">
        <test-method is-config="true" signature="setup(java.lang.String,java.lang.String)[pri:0, instance:testCases.TC001_AccountRegistrationTest@13cf7d52]" started-at="2025-11-29T21:02:38 IST" name="setup" finished-at="2025-11-29T21:02:40 IST" duration-ms="2160" status="PASS">
          <params>
            <param index="0">
              <value>
                <![CDATA[windows]]>
              </value>
            </param>
            <param index="1">
              <value>
                <![CDATA[chrome]]>
              </value>
            </param>
          </params>
          <reporter-output>
          </reporter-output>
        </test-method> <!-- setup -->
        <test-method signature="verify_account_registration()[pri:0, instance:testCases.TC001_AccountRegistrationTest@13cf7d52]" started-at="2025-11-29T21:02:40 IST" name="verify_account_registration" finished-at="2025-11-29T21:02:47 IST" duration-ms="6399" status="PASS">
          <reporter-output>
          </reporter-output>
        </test-method> <!-- verify_account_registration -->
        <test-method is-config="true" signature="tearDown()[pri:0, instance:testCases.TC001_AccountRegistrationTest@13cf7d52]" started-at="2025-11-29T21:02:47 IST" name="tearDown" finished-at="2025-11-29T21:02:47 IST" duration-ms="106" status="PASS">
          <reporter-output>
          </reporter-output>
        </test-method> <!-- tearDown -->
      </class> <!-- testCases.TC001_AccountRegistrationTest -->
    </test> <!-- Test -->
  </suite> <!-- Master Suite -->
</testng-results>
