<?xml version="1.0" encoding="UTF-8"?>
<testng-results ignored="0" total="8" passed="8" failed="0" skipped="0">
  <reporter-output>
  </reporter-output>
  <suite started-at="2025-11-29T03:45:18 IST" name="Master Suite" finished-at="2025-11-29T03:47:34 IST" duration-ms="136717">
    <groups>
      <group name="Master">
        <method signature="TC001_AccountRegistrationTest.verify_account_registration()[pri:0, instance:testCases.TC001_AccountRegistrationTest@3b220bcb]" name="verify_account_registration" class="testCases.TC001_AccountRegistrationTest"/>
        <method signature="TC002_LoginTest.verify_login()[pri:0, instance:testCases.TC002_LoginTest@41925502]" name="verify_login" class="testCases.TC002_LoginTest"/>
      </group> <!-- Master -->
      <group name="Sanity">
        <method signature="TC002_LoginTest.verify_login()[pri:0, instance:testCases.TC002_LoginTest@41925502]" name="verify_login" class="testCases.TC002_LoginTest"/>
      </group> <!-- Sanity -->
      <group name="DataDriven">
        <method signature="TC003_LoginDDT.verify_loginDDT(java.lang.String,java.lang.String,java.lang.String)[pri:0, instance:testCases.TC003_LoginDDT@13e3c1c7]" name="verify_loginDDT" class="testCases.TC003_LoginDDT"/>
      </group> <!-- DataDriven -->
      <group name="Regression">
        <method signature="TC001_AccountRegistrationTest.verify_account_registration()[pri:0, instance:testCases.TC001_AccountRegistrationTest@3b220bcb]" name="verify_account_registration" class="testCases.TC001_AccountRegistrationTest"/>
      </group> <!-- Regression -->
    </groups>
    <test started-at="2025-11-29T03:45:18 IST" name="Test" finished-at="2025-11-29T03:47:34 IST" duration-ms="136717">
      <class name="testCases.TC002_LoginTest">
        <test-method is-config="true" signature="setup(java.lang.String,java.lang.String)[pri:0, instance:testCases.TC002_LoginTest@41925502]" started-at="2025-11-29T03:46:15 IST" name="setup" finished-at="2025-11-29T03:46:19 IST" duration-ms="4740" status="PASS">
          <params>
            <param index="0">
              <value>
                <![CDATA[windows]]>
              </value>
            </param>
            <param index="1">
              <value>
                <![CDATA[chrome]]>
              </value>
            </param>
          </params>
          <reporter-output>
          </reporter-output>
        </test-method> <!-- setup -->
        <test-method signature="verify_login()[pri:0, instance:testCases.TC002_LoginTest@41925502]" started-at="2025-11-29T03:46:19 IST" name="verify_login" finished-at="2025-11-29T03:46:24 IST" duration-ms="4790" status="PASS">
          <reporter-output>
          </reporter-output>
        </test-method> <!-- verify_login -->
        <test-method is-config="true" signature="tearDown()[pri:0, instance:testCases.TC002_LoginTest@41925502]" started-at="2025-11-29T03:46:24 IST" name="tearDown" finished-at="2025-11-29T03:46:25 IST" duration-ms="399" status="PASS">
          <reporter-output>
          </reporter-output>
        </test-method> <!-- tearDown -->
      </class> <!-- testCases.TC002_LoginTest -->
      <class name="testCases.TC003_LoginDDT">
        <test-method is-config="true" signature="setup(java.lang.String,java.lang.String)[pri:0, instance:testCases.TC003_LoginDDT@13e3c1c7]" started-at="2025-11-29T03:46:25 IST" name="setup" finished-at="2025-11-29T03:46:29 IST" duration-ms="4107" status="PASS">
          <params>
            <param index="0">
              <value>
                <![CDATA[windows]]>
              </value>
            </param>
            <param index="1">
              <value>
                <![CDATA[chrome]]>
              </value>
            </param>
          </params>
          <reporter-output>
          </reporter-output>
        </test-method> <!-- setup -->
        <test-method signature="verify_loginDDT(java.lang.String,java.lang.String,java.lang.String)[pri:0, instance:testCases.TC003_LoginDDT@13e3c1c7]" started-at="2025-11-29T03:46:33 IST" name="verify_loginDDT" data-provider="LoginData" finished-at="2025-11-29T03:46:38 IST" duration-ms="5523" status="PASS">
          <params>
            <param index="0">
              <value>
                <![CDATA[nikhilbhalekari07@gmail.com]]>
              </value>
            </param>
            <param index="1">
              <value>
                <![CDATA[Plmqaz]]>
              </value>
            </param>
            <param index="2">
              <value>
                <![CDATA[Valid]]>
              </value>
            </param>
          </params>
          <reporter-output>
          </reporter-output>
        </test-method> <!-- verify_loginDDT -->
        <test-method signature="verify_loginDDT(java.lang.String,java.lang.String,java.lang.String)[pri:0, instance:testCases.TC003_LoginDDT@13e3c1c7]" started-at="2025-11-29T03:46:38 IST" name="verify_loginDDT" data-provider="LoginData" finished-at="2025-11-29T03:46:51 IST" duration-ms="12942" status="PASS">
          <params>
            <param index="0">
              <value>
                <![CDATA[Seenu@gmail.com]]>
              </value>
            </param>
            <param index="1">
              <value>
                <![CDATA[Seenu]]>
              </value>
            </param>
            <param index="2">
              <value>
                <![CDATA[Invalid]]>
              </value>
            </param>
          </params>
          <reporter-output>
          </reporter-output>
        </test-method> <!-- verify_loginDDT -->
        <test-method signature="verify_loginDDT(java.lang.String,java.lang.String,java.lang.String)[pri:0, instance:testCases.TC003_LoginDDT@13e3c1c7]" started-at="2025-11-29T03:46:51 IST" name="verify_loginDDT" data-provider="LoginData" finished-at="2025-11-29T03:47:04 IST" duration-ms="12864" status="PASS">
          <params>
            <param index="0">
              <value>
                <![CDATA[venkat@gmail.com]]>
              </value>
            </param>
            <param index="1">
              <value>
                <![CDATA[Venkat123]]>
              </value>
            </param>
            <param index="2">
              <value>
                <![CDATA[Invalid]]>
              </value>
            </param>
          </params>
          <reporter-output>
          </reporter-output>
        </test-method> <!-- verify_loginDDT -->
        <test-method signature="verify_loginDDT(java.lang.String,java.lang.String,java.lang.String)[pri:0, instance:testCases.TC003_LoginDDT@13e3c1c7]" started-at="2025-11-29T03:47:04 IST" name="verify_loginDDT" data-provider="LoginData" finished-at="2025-11-29T03:47:17 IST" duration-ms="12719" status="PASS">
          <params>
            <param index="0">
              <value>
                <![CDATA[balaji@gmail.com]]>
              </value>
            </param>
            <param index="1">
              <value>
                <![CDATA[Balaji123]]>
              </value>
            </param>
            <param index="2">
              <value>
                <![CDATA[Invalid]]>
              </value>
            </param>
          </params>
          <reporter-output>
          </reporter-output>
        </test-method> <!-- verify_loginDDT -->
        <test-method signature="verify_loginDDT(java.lang.String,java.lang.String,java.lang.String)[pri:0, instance:testCases.TC003_LoginDDT@13e3c1c7]" started-at="2025-11-29T03:47:17 IST" name="verify_loginDDT" data-provider="LoginData" finished-at="2025-11-29T03:47:29 IST" duration-ms="12616" status="PASS">
          <params>
            <param index="0">
              <value>
                <![CDATA[yogesh@gmail.com]]>
              </value>
            </param>
            <param index="1">
              <value>
                <![CDATA[Yogesh123]]>
              </value>
            </param>
            <param index="2">
              <value>
                <![CDATA[Invalid]]>
              </value>
            </param>
          </params>
          <reporter-output>
          </reporter-output>
        </test-method> <!-- verify_loginDDT -->
        <test-method signature="verify_loginDDT(java.lang.String,java.lang.String,java.lang.String)[pri:0, instance:testCases.TC003_LoginDDT@13e3c1c7]" started-at="2025-11-29T03:47:29 IST" name="verify_loginDDT" data-provider="LoginData" finished-at="2025-11-29T03:47:34 IST" duration-ms="4671" status="PASS">
          <params>
            <param index="0">
              <value>
                <![CDATA[bhagvant@gmail.com]]>
              </value>
            </param>
            <param index="1">
              <value>
                <![CDATA[Plmqaz]]>
              </value>
            </param>
            <param index="2">
              <value>
                <![CDATA[Valid]]>
              </value>
            </param>
          </params>
          <reporter-output>
          </reporter-output>
        </test-method> <!-- verify_loginDDT -->
        <test-method is-config="true" signature="tearDown()[pri:0, instance:testCases.TC003_LoginDDT@13e3c1c7]" started-at="2025-11-29T03:47:34 IST" name="tearDown" finished-at="2025-11-29T03:47:34 IST" duration-ms="262" status="PASS">
          <reporter-output>
          </reporter-output>
        </test-method> <!-- tearDown -->
      </class> <!-- testCases.TC003_LoginDDT -->
      <class name="testCases.TC001_AccountRegistrationTest">
        <test-method is-config="true" signature="setup(java.lang.String,java.lang.String)[pri:0, instance:testCases.TC001_AccountRegistrationTest@3b220bcb]" started-at="2025-11-29T03:45:18 IST" name="setup" finished-at="2025-11-29T03:45:59 IST" duration-ms="40637" status="PASS">
          <params>
            <param index="0">
              <value>
                <![CDATA[windows]]>
              </value>
            </param>
            <param index="1">
              <value>
                <![CDATA[chrome]]>
              </value>
            </param>
          </params>
          <reporter-output>
          </reporter-output>
        </test-method> <!-- setup -->
        <test-method signature="verify_account_registration()[pri:0, instance:testCases.TC001_AccountRegistrationTest@3b220bcb]" started-at="2025-11-29T03:45:59 IST" name="verify_account_registration" finished-at="2025-11-29T03:46:13 IST" duration-ms="13581" status="PASS">
          <reporter-output>
          </reporter-output>
        </test-method> <!-- verify_account_registration -->
        <test-method is-config="true" signature="tearDown()[pri:0, instance:testCases.TC001_AccountRegistrationTest@3b220bcb]" started-at="2025-11-29T03:46:13 IST" name="tearDown" finished-at="2025-11-29T03:46:15 IST" duration-ms="1872" status="PASS">
          <reporter-output>
          </reporter-output>
        </test-method> <!-- tearDown -->
      </class> <!-- testCases.TC001_AccountRegistrationTest -->
    </test> <!-- Test -->
  </suite> <!-- Master Suite -->
</testng-results>
