<?xml version="1.0" encoding="UTF-8"?>
<testng-results ignored="0" total="3" passed="3" failed="0" skipped="0">
  <reporter-output>
  </reporter-output>
  <suite started-at="2025-12-01T00:11:01 IST" name="Master Suite" finished-at="2025-12-01T00:11:58 IST" duration-ms="57166">
    <groups>
      <group name="Master">
        <method signature="TC004_SearchProductTest.verify_pruductSearch()[pri:0, instance:testCases.TC004_SearchProductTest@4a3329b9]" name="verify_pruductSearch" class="testCases.TC004_SearchProductTest"/>
        <method signature="TC005_AddToCartPageTest.verify_addToCart()[pri:0, instance:testCases.TC005_AddToCartPageTest@5316e95f]" name="verify_addToCart" class="testCases.TC005_AddToCartPageTest"/>
        <method signature="TC006_EndToEndTest.endToendTest()[pri:0, instance:testCases.TC006_EndToEndTest@3f053c80]" name="endToendTest" class="testCases.TC006_EndToEndTest"/>
      </group> <!-- Master -->
    </groups>
    <test started-at="2025-12-01T00:11:01 IST" name="Test" finished-at="2025-12-01T00:11:58 IST" duration-ms="57166">
      <class name="testCases.TC005_AddToCartPageTest">
        <test-method is-config="true" signature="setup(java.lang.String,java.lang.String)[pri:0, instance:testCases.TC005_AddToCartPageTest@5316e95f]" started-at="2025-12-01T00:11:08 IST" name="setup" finished-at="2025-12-01T00:11:10 IST" duration-ms="1683" status="PASS">
          <params>
            <param index="0">
              <value>
                <![CDATA[windows]]>
              </value>
            </param>
            <param index="1">
              <value>
                <![CDATA[chrome]]>
              </value>
            </param>
          </params>
          <reporter-output>
          </reporter-output>
        </test-method> <!-- setup -->
        <test-method signature="verify_addToCart()[pri:0, instance:testCases.TC005_AddToCartPageTest@5316e95f]" started-at="2025-12-01T00:11:10 IST" name="verify_addToCart" finished-at="2025-12-01T00:11:14 IST" duration-ms="3527" status="PASS">
          <reporter-output>
          </reporter-output>
        </test-method> <!-- verify_addToCart -->
        <test-method is-config="true" signature="tearDown()[pri:0, instance:testCases.TC005_AddToCartPageTest@5316e95f]" started-at="2025-12-01T00:11:14 IST" name="tearDown" finished-at="2025-12-01T00:11:14 IST" duration-ms="169" status="PASS">
          <reporter-output>
          </reporter-output>
        </test-method> <!-- tearDown -->
      </class> <!-- testCases.TC005_AddToCartPageTest -->
      <class name="testCases.TC004_SearchProductTest">
        <test-method is-config="true" signature="setup(java.lang.String,java.lang.String)[pri:0, instance:testCases.TC004_SearchProductTest@4a3329b9]" started-at="2025-12-01T00:11:01 IST" name="setup" finished-at="2025-12-01T00:11:04 IST" duration-ms="2297" status="PASS">
          <params>
            <param index="0">
              <value>
                <![CDATA[windows]]>
              </value>
            </param>
            <param index="1">
              <value>
                <![CDATA[chrome]]>
              </value>
            </param>
          </params>
          <reporter-output>
          </reporter-output>
        </test-method> <!-- setup -->
        <test-method signature="verify_pruductSearch()[pri:0, instance:testCases.TC004_SearchProductTest@4a3329b9]" started-at="2025-12-01T00:11:04 IST" name="verify_pruductSearch" finished-at="2025-12-01T00:11:08 IST" duration-ms="4366" status="PASS">
          <reporter-output>
          </reporter-output>
        </test-method> <!-- verify_pruductSearch -->
        <test-method is-config="true" signature="tearDown()[pri:0, instance:testCases.TC004_SearchProductTest@4a3329b9]" started-at="2025-12-01T00:11:08 IST" name="tearDown" finished-at="2025-12-01T00:11:08 IST" duration-ms="143" status="PASS">
          <reporter-output>
          </reporter-output>
        </test-method> <!-- tearDown -->
      </class> <!-- testCases.TC004_SearchProductTest -->
      <class name="testCases.TC006_EndToEndTest">
        <test-method is-config="true" signature="setup(java.lang.String,java.lang.String)[pri:0, instance:testCases.TC006_EndToEndTest@3f053c80]" started-at="2025-12-01T00:11:14 IST" name="setup" finished-at="2025-12-01T00:11:16 IST" duration-ms="1797" status="PASS">
          <params>
            <param index="0">
              <value>
                <![CDATA[windows]]>
              </value>
            </param>
            <param index="1">
              <value>
                <![CDATA[chrome]]>
              </value>
            </param>
          </params>
          <reporter-output>
          </reporter-output>
        </test-method> <!-- setup -->
        <test-method signature="endToendTest()[pri:0, instance:testCases.TC006_EndToEndTest@3f053c80]" started-at="2025-12-01T00:11:16 IST" name="endToendTest" finished-at="2025-12-01T00:11:58 IST" duration-ms="42792" status="PASS">
          <reporter-output>
          </reporter-output>
        </test-method> <!-- endToendTest -->
        <test-method is-config="true" signature="tearDown()[pri:0, instance:testCases.TC006_EndToEndTest@3f053c80]" started-at="2025-12-01T00:11:58 IST" name="tearDown" finished-at="2025-12-01T00:11:58 IST" duration-ms="129" status="PASS">
          <reporter-output>
          </reporter-output>
        </test-method> <!-- tearDown -->
      </class> <!-- testCases.TC006_EndToEndTest -->
    </test> <!-- Test -->
  </suite> <!-- Master Suite -->
</testng-results>
