<?xml version="1.0" encoding="UTF-8"?>
<!-- Generated by org.testng.reporters.JUnitReportReporter -->
<testsuite hostname="DESKTOP-RBIQSKD" failures="0" tests="6" name="testCases.TC003_LoginDDT" time="53.875" errors="0" timestamp="2025-12-01T00:08:42 IST" skipped="0">
  <testcase classname="testCases.TC003_LoginDDT" name="verify_loginDDT" time="11.737"/>
  <testcase classname="testCases.TC003_LoginDDT" name="verify_loginDDT" time="11.987"/>
  <testcase classname="testCases.TC003_LoginDDT" name="verify_loginDDT" time="2.598"/>
  <testcase classname="testCases.TC003_LoginDDT" name="verify_loginDDT" time="12.134"/>
  <testcase classname="testCases.TC003_LoginDDT" name="verify_loginDDT" time="3.245"/>
  <testcase classname="testCases.TC003_LoginDDT" name="verify_loginDDT" time="12.174"/>
</testsuite> <!-- testCases.TC003_LoginDDT -->
