<?xml version="1.0" encoding="UTF-8"?>
<!-- Generated by org.testng.reporters.JUnitReportReporter -->
<testsuite hostname="DESKTOP-RBIQSKD" failures="0" tests="6" name="testCases.TC003_LoginDDT" time="61.335" errors="0" timestamp="2025-11-29T03:47:38 IST" skipped="0">
  <testcase classname="testCases.TC003_LoginDDT" name="verify_loginDDT" time="12.942"/>
  <testcase classname="testCases.TC003_LoginDDT" name="verify_loginDDT" time="4.671"/>
  <testcase classname="testCases.TC003_LoginDDT" name="verify_loginDDT" time="12.719"/>
  <testcase classname="testCases.TC003_LoginDDT" name="verify_loginDDT" time="12.616"/>
  <testcase classname="testCases.TC003_LoginDDT" name="verify_loginDDT" time="12.864"/>
  <testcase classname="testCases.TC003_LoginDDT" name="verify_loginDDT" time="5.523"/>
</testsuite> <!-- testCases.TC003_LoginDDT -->
