<?xml version="1.0" encoding="UTF-8"?>
<!-- Generated by org.testng.reporters.JUnitReportReporter -->
<testsuite hostname="DESKTOP-RBIQSKD" failures="0" tests="6" name="testCases.TC003_LoginDDT" time="53.100" errors="0" timestamp="2025-11-29T21:03:49 IST" skipped="0">
  <testcase classname="testCases.TC003_LoginDDT" name="verify_loginDDT" time="2.710"/>
  <testcase classname="testCases.TC003_LoginDDT" name="verify_loginDDT" time="11.869"/>
  <testcase classname="testCases.TC003_LoginDDT" name="verify_loginDDT" time="11.770"/>
  <testcase classname="testCases.TC003_LoginDDT" name="verify_loginDDT" time="2.704"/>
  <testcase classname="testCases.TC003_LoginDDT" name="verify_loginDDT" time="12.101"/>
  <testcase classname="testCases.TC003_LoginDDT" name="verify_loginDDT" time="11.946"/>
</testsuite> <!-- testCases.TC003_LoginDDT -->
